{"/home/egotano/projects/tomas/nginx-nodejs-redis/web/app.js": {"path":"/home/egotano/projects/tomas/nginx-nodejs-redis/web/app.js","statementMap":{"0":{"start":{"line":1,"column":11},"end":{"line":1,"column":29}},"1":{"start":{"line":2,"column":16},"end":{"line":2,"column":34}},"2":{"start":{"line":6,"column":16},"end":{"line":6,"column":25}},"3":{"start":{"line":8,"column":4},"end":{"line":18,"column":7}},"4":{"start":{"line":9,"column":8},"end":{"line":17,"column":11}},"5":{"start":{"line":10,"column":37},"end":{"line":10,"column":67}},"6":{"start":{"line":11,"column":12},"end":{"line":13,"column":13}},"7":{"start":{"line":12,"column":16},"end":{"line":12,"column":39}},"8":{"start":{"line":14,"column":12},"end":{"line":14,"column":85}},"9":{"start":{"line":15,"column":12},"end":{"line":15,"column":24}},"10":{"start":{"line":16,"column":12},"end":{"line":16,"column":52}},"11":{"start":{"line":19,"column":4},"end":{"line":19,"column":15}},"12":{"start":{"line":22,"column":0},"end":{"line":22,"column":27}}},"fnMap":{"0":{"name":"createApp","decl":{"start":{"line":4,"column":9},"end":{"line":4,"column":18}},"loc":{"start":{"line":4,"column":32},"end":{"line":20,"column":1}},"line":4},"1":{"name":"(anonymous_1)","decl":{"start":{"line":8,"column":17},"end":{"line":8,"column":18}},"loc":{"start":{"line":8,"column":37},"end":{"line":18,"column":5}},"line":8},"2":{"name":"(anonymous_2)","decl":{"start":{"line":9,"column":37},"end":{"line":9,"column":38}},"loc":{"start":{"line":9,"column":63},"end":{"line":17,"column":9}},"line":9}},"branchMap":{"0":{"loc":{"start":{"line":11,"column":12},"end":{"line":13,"column":13}},"type":"if","locations":[{"start":{"line":11,"column":12},"end":{"line":13,"column":13}},{"start":{},"end":{}}],"line":11}},"s":{"0":1,"1":1,"2":2,"3":2,"4":2,"5":2,"6":2,"7":1,"8":2,"9":2,"10":2,"11":2,"12":1},"f":{"0":2,"1":2,"2":2},"b":{"0":[1,1]},"_coverageSchema":"1a1c01bbd47fc00a2c39e90264f33305004495a9","hash":"2016eacc84c8bbb85310afa43e5cc71aa807a120"}
}
